<?xml version="1.0" encoding="UTF-8"?>
<testsuite name="Integration test">
<testcase name="testing/compiler_tests/_example/example.c">
</testcase>
<testcase name="testing/compiler_tests/array/declare_global.c">
<error type="error" message="&#9;&gt; Failed to compile testcase: &#10;&#9; /workspaces/Caleidos_C_Compiler/bin/output/array/declare_global/declare_global.compiler.stderr.log &#10;&#9; /workspaces/Caleidos_C_Compiler/bin/output/array/declare_global/declare_global.compiler.stdout.log &#10;&#9; /workspaces/Caleidos_C_Compiler/bin/output/array/declare_global/declare_global.s &#10;&#9; /workspaces/Caleidos_C_Compiler/bin/output/array/declare_global/declare_global.s.printed">
	&gt; Failed to compile testcase: 
	 /workspaces/Caleidos_C_Compiler/bin/output/array/declare_global/declare_global.compiler.stderr.log 
	 /workspaces/Caleidos_C_Compiler/bin/output/array/declare_global/declare_global.compiler.stdout.log 
	 /workspaces/Caleidos_C_Compiler/bin/output/array/declare_global/declare_global.s 
	 /workspaces/Caleidos_C_Compiler/bin/output/array/declare_global/declare_global.s.printed</error>
</testcase>
<testcase name="testing/compiler_tests/array/declare_local.c">
<error type="error" message="&#9;&gt; Failed to compile testcase: &#10;&#9; /workspaces/Caleidos_C_Compiler/bin/output/array/declare_local/declare_local.compiler.stderr.log &#10;&#9; /workspaces/Caleidos_C_Compiler/bin/output/array/declare_local/declare_local.compiler.stdout.log &#10;&#9; /workspaces/Caleidos_C_Compiler/bin/output/array/declare_local/declare_local.s &#10;&#9; /workspaces/Caleidos_C_Compiler/bin/output/array/declare_local/declare_local.s.printed">
	&gt; Failed to compile testcase: 
	 /workspaces/Caleidos_C_Compiler/bin/output/array/declare_local/declare_local.compiler.stderr.log 
	 /workspaces/Caleidos_C_Compiler/bin/output/array/declare_local/declare_local.compiler.stdout.log 
	 /workspaces/Caleidos_C_Compiler/bin/output/array/declare_local/declare_local.s 
	 /workspaces/Caleidos_C_Compiler/bin/output/array/declare_local/declare_local.s.printed</error>
</testcase>
<testcase name="testing/compiler_tests/array/index_constant.c">
<error type="error" message="&#9;&gt; Failed to compile testcase: &#10;&#9; /workspaces/Caleidos_C_Compiler/bin/output/array/index_constant/index_constant.compiler.stderr.log &#10;&#9; /workspaces/Caleidos_C_Compiler/bin/output/array/index_constant/index_constant.compiler.stdout.log &#10;&#9; /workspaces/Caleidos_C_Compiler/bin/output/array/index_constant/index_constant.s &#10;&#9; /workspaces/Caleidos_C_Compiler/bin/output/array/index_constant/index_constant.s.printed">
	&gt; Failed to compile testcase: 
	 /workspaces/Caleidos_C_Compiler/bin/output/array/index_constant/index_constant.compiler.stderr.log 
	 /workspaces/Caleidos_C_Compiler/bin/output/array/index_constant/index_constant.compiler.stdout.log 
	 /workspaces/Caleidos_C_Compiler/bin/output/array/index_constant/index_constant.s 
	 /workspaces/Caleidos_C_Compiler/bin/output/array/index_constant/index_constant.s.printed</error>
</testcase>
<testcase name="testing/compiler_tests/array/index_expression.c">
<error type="error" message="&#9;&gt; Failed to compile testcase: &#10;&#9; /workspaces/Caleidos_C_Compiler/bin/output/array/index_expression/index_expression.compiler.stderr.log &#10;&#9; /workspaces/Caleidos_C_Compiler/bin/output/array/index_expression/index_expression.compiler.stdout.log &#10;&#9; /workspaces/Caleidos_C_Compiler/bin/output/array/index_expression/index_expression.s &#10;&#9; /workspaces/Caleidos_C_Compiler/bin/output/array/index_expression/index_expression.s.printed">
	&gt; Failed to compile testcase: 
	 /workspaces/Caleidos_C_Compiler/bin/output/array/index_expression/index_expression.compiler.stderr.log 
	 /workspaces/Caleidos_C_Compiler/bin/output/array/index_expression/index_expression.compiler.stdout.log 
	 /workspaces/Caleidos_C_Compiler/bin/output/array/index_expression/index_expression.s 
	 /workspaces/Caleidos_C_Compiler/bin/output/array/index_expression/index_expression.s.printed</error>
</testcase>
<testcase name="testing/compiler_tests/array/index_variable.c">
<error type="error" message="&#9;&gt; Failed to compile testcase: &#10;&#9; /workspaces/Caleidos_C_Compiler/bin/output/array/index_variable/index_variable.compiler.stderr.log &#10;&#9; /workspaces/Caleidos_C_Compiler/bin/output/array/index_variable/index_variable.compiler.stdout.log &#10;&#9; /workspaces/Caleidos_C_Compiler/bin/output/array/index_variable/index_variable.s &#10;&#9; /workspaces/Caleidos_C_Compiler/bin/output/array/index_variable/index_variable.s.printed">
	&gt; Failed to compile testcase: 
	 /workspaces/Caleidos_C_Compiler/bin/output/array/index_variable/index_variable.compiler.stderr.log 
	 /workspaces/Caleidos_C_Compiler/bin/output/array/index_variable/index_variable.compiler.stdout.log 
	 /workspaces/Caleidos_C_Compiler/bin/output/array/index_variable/index_variable.s 
	 /workspaces/Caleidos_C_Compiler/bin/output/array/index_variable/index_variable.s.printed</error>
</testcase>
<testcase name="testing/compiler_tests/control_flow/for_multiple.c">
<error type="error" message="&#9;&gt; Failed to compile testcase: &#10;&#9; /workspaces/Caleidos_C_Compiler/bin/output/control_flow/for_multiple/for_multiple.compiler.stderr.log &#10;&#9; /workspaces/Caleidos_C_Compiler/bin/output/control_flow/for_multiple/for_multiple.compiler.stdout.log &#10;&#9; /workspaces/Caleidos_C_Compiler/bin/output/control_flow/for_multiple/for_multiple.s &#10;&#9; /workspaces/Caleidos_C_Compiler/bin/output/control_flow/for_multiple/for_multiple.s.printed">
	&gt; Failed to compile testcase: 
	 /workspaces/Caleidos_C_Compiler/bin/output/control_flow/for_multiple/for_multiple.compiler.stderr.log 
	 /workspaces/Caleidos_C_Compiler/bin/output/control_flow/for_multiple/for_multiple.compiler.stdout.log 
	 /workspaces/Caleidos_C_Compiler/bin/output/control_flow/for_multiple/for_multiple.s 
	 /workspaces/Caleidos_C_Compiler/bin/output/control_flow/for_multiple/for_multiple.s.printed</error>
</testcase>
<testcase name="testing/compiler_tests/control_flow/for_one.c">
<error type="error" message="&#9;&gt; Failed to compile testcase: &#10;&#9; /workspaces/Caleidos_C_Compiler/bin/output/control_flow/for_one/for_one.compiler.stderr.log &#10;&#9; /workspaces/Caleidos_C_Compiler/bin/output/control_flow/for_one/for_one.compiler.stdout.log &#10;&#9; /workspaces/Caleidos_C_Compiler/bin/output/control_flow/for_one/for_one.s &#10;&#9; /workspaces/Caleidos_C_Compiler/bin/output/control_flow/for_one/for_one.s.printed">
	&gt; Failed to compile testcase: 
	 /workspaces/Caleidos_C_Compiler/bin/output/control_flow/for_one/for_one.compiler.stderr.log 
	 /workspaces/Caleidos_C_Compiler/bin/output/control_flow/for_one/for_one.compiler.stdout.log 
	 /workspaces/Caleidos_C_Compiler/bin/output/control_flow/for_one/for_one.s 
	 /workspaces/Caleidos_C_Compiler/bin/output/control_flow/for_one/for_one.s.printed</error>
</testcase>
<testcase name="testing/compiler_tests/control_flow/for_zero_v1.c">
<error type="error" message="&#9;&gt; Failed to compile testcase: &#10;&#9; /workspaces/Caleidos_C_Compiler/bin/output/control_flow/for_zero_v1/for_zero_v1.compiler.stderr.log &#10;&#9; /workspaces/Caleidos_C_Compiler/bin/output/control_flow/for_zero_v1/for_zero_v1.compiler.stdout.log &#10;&#9; /workspaces/Caleidos_C_Compiler/bin/output/control_flow/for_zero_v1/for_zero_v1.s &#10;&#9; /workspaces/Caleidos_C_Compiler/bin/output/control_flow/for_zero_v1/for_zero_v1.s.printed">
	&gt; Failed to compile testcase: 
	 /workspaces/Caleidos_C_Compiler/bin/output/control_flow/for_zero_v1/for_zero_v1.compiler.stderr.log 
	 /workspaces/Caleidos_C_Compiler/bin/output/control_flow/for_zero_v1/for_zero_v1.compiler.stdout.log 
	 /workspaces/Caleidos_C_Compiler/bin/output/control_flow/for_zero_v1/for_zero_v1.s 
	 /workspaces/Caleidos_C_Compiler/bin/output/control_flow/for_zero_v1/for_zero_v1.s.printed</error>
</testcase>
<testcase name="testing/compiler_tests/control_flow/for_zero_v2.c">
<error type="error" message="&#9;&gt; Failed to compile testcase: &#10;&#9; /workspaces/Caleidos_C_Compiler/bin/output/control_flow/for_zero_v2/for_zero_v2.compiler.stderr.log &#10;&#9; /workspaces/Caleidos_C_Compiler/bin/output/control_flow/for_zero_v2/for_zero_v2.compiler.stdout.log &#10;&#9; /workspaces/Caleidos_C_Compiler/bin/output/control_flow/for_zero_v2/for_zero_v2.s &#10;&#9; /workspaces/Caleidos_C_Compiler/bin/output/control_flow/for_zero_v2/for_zero_v2.s.printed">
	&gt; Failed to compile testcase: 
	 /workspaces/Caleidos_C_Compiler/bin/output/control_flow/for_zero_v2/for_zero_v2.compiler.stderr.log 
	 /workspaces/Caleidos_C_Compiler/bin/output/control_flow/for_zero_v2/for_zero_v2.compiler.stdout.log 
	 /workspaces/Caleidos_C_Compiler/bin/output/control_flow/for_zero_v2/for_zero_v2.s 
	 /workspaces/Caleidos_C_Compiler/bin/output/control_flow/for_zero_v2/for_zero_v2.s.printed</error>
</testcase>
<testcase name="testing/compiler_tests/control_flow/if_else_false.c">
<error type="error" message="&#9;&gt; Failed to compile testcase: &#10;&#9; /workspaces/Caleidos_C_Compiler/bin/output/control_flow/if_else_false/if_else_false.compiler.stderr.log &#10;&#9; /workspaces/Caleidos_C_Compiler/bin/output/control_flow/if_else_false/if_else_false.compiler.stdout.log &#10;&#9; /workspaces/Caleidos_C_Compiler/bin/output/control_flow/if_else_false/if_else_false.s &#10;&#9; /workspaces/Caleidos_C_Compiler/bin/output/control_flow/if_else_false/if_else_false.s.printed">
	&gt; Failed to compile testcase: 
	 /workspaces/Caleidos_C_Compiler/bin/output/control_flow/if_else_false/if_else_false.compiler.stderr.log 
	 /workspaces/Caleidos_C_Compiler/bin/output/control_flow/if_else_false/if_else_false.compiler.stdout.log 
	 /workspaces/Caleidos_C_Compiler/bin/output/control_flow/if_else_false/if_else_false.s 
	 /workspaces/Caleidos_C_Compiler/bin/output/control_flow/if_else_false/if_else_false.s.printed</error>
</testcase>
<testcase name="testing/compiler_tests/control_flow/if_else_true.c">
<error type="error" message="&#9;&gt; Failed to compile testcase: &#10;&#9; /workspaces/Caleidos_C_Compiler/bin/output/control_flow/if_else_true/if_else_true.compiler.stderr.log &#10;&#9; /workspaces/Caleidos_C_Compiler/bin/output/control_flow/if_else_true/if_else_true.compiler.stdout.log &#10;&#9; /workspaces/Caleidos_C_Compiler/bin/output/control_flow/if_else_true/if_else_true.s &#10;&#9; /workspaces/Caleidos_C_Compiler/bin/output/control_flow/if_else_true/if_else_true.s.printed">
	&gt; Failed to compile testcase: 
	 /workspaces/Caleidos_C_Compiler/bin/output/control_flow/if_else_true/if_else_true.compiler.stderr.log 
	 /workspaces/Caleidos_C_Compiler/bin/output/control_flow/if_else_true/if_else_true.compiler.stdout.log 
	 /workspaces/Caleidos_C_Compiler/bin/output/control_flow/if_else_true/if_else_true.s 
	 /workspaces/Caleidos_C_Compiler/bin/output/control_flow/if_else_true/if_else_true.s.printed</error>
</testcase>
<testcase name="testing/compiler_tests/control_flow/if_false.c">
<error type="error" message="&#9;&gt; Failed to compile testcase: &#10;&#9; /workspaces/Caleidos_C_Compiler/bin/output/control_flow/if_false/if_false.compiler.stderr.log &#10;&#9; /workspaces/Caleidos_C_Compiler/bin/output/control_flow/if_false/if_false.compiler.stdout.log &#10;&#9; /workspaces/Caleidos_C_Compiler/bin/output/control_flow/if_false/if_false.s &#10;&#9; /workspaces/Caleidos_C_Compiler/bin/output/control_flow/if_false/if_false.s.printed">
	&gt; Failed to compile testcase: 
	 /workspaces/Caleidos_C_Compiler/bin/output/control_flow/if_false/if_false.compiler.stderr.log 
	 /workspaces/Caleidos_C_Compiler/bin/output/control_flow/if_false/if_false.compiler.stdout.log 
	 /workspaces/Caleidos_C_Compiler/bin/output/control_flow/if_false/if_false.s 
	 /workspaces/Caleidos_C_Compiler/bin/output/control_flow/if_false/if_false.s.printed</error>
</testcase>
<testcase name="testing/compiler_tests/control_flow/if_true.c">
<error type="error" message="&#9;&gt; Failed to compile testcase: &#10;&#9; /workspaces/Caleidos_C_Compiler/bin/output/control_flow/if_true/if_true.compiler.stderr.log &#10;&#9; /workspaces/Caleidos_C_Compiler/bin/output/control_flow/if_true/if_true.compiler.stdout.log &#10;&#9; /workspaces/Caleidos_C_Compiler/bin/output/control_flow/if_true/if_true.s &#10;&#9; /workspaces/Caleidos_C_Compiler/bin/output/control_flow/if_true/if_true.s.printed">
	&gt; Failed to compile testcase: 
	 /workspaces/Caleidos_C_Compiler/bin/output/control_flow/if_true/if_true.compiler.stderr.log 
	 /workspaces/Caleidos_C_Compiler/bin/output/control_flow/if_true/if_true.compiler.stdout.log 
	 /workspaces/Caleidos_C_Compiler/bin/output/control_flow/if_true/if_true.s 
	 /workspaces/Caleidos_C_Compiler/bin/output/control_flow/if_true/if_true.s.printed</error>
</testcase>
<testcase name="testing/compiler_tests/control_flow/sequence.c">
<error type="error" message="&#9;&gt; Failed to compile testcase: &#10;&#9; /workspaces/Caleidos_C_Compiler/bin/output/control_flow/sequence/sequence.compiler.stderr.log &#10;&#9; /workspaces/Caleidos_C_Compiler/bin/output/control_flow/sequence/sequence.compiler.stdout.log &#10;&#9; /workspaces/Caleidos_C_Compiler/bin/output/control_flow/sequence/sequence.s &#10;&#9; /workspaces/Caleidos_C_Compiler/bin/output/control_flow/sequence/sequence.s.printed">
	&gt; Failed to compile testcase: 
	 /workspaces/Caleidos_C_Compiler/bin/output/control_flow/sequence/sequence.compiler.stderr.log 
	 /workspaces/Caleidos_C_Compiler/bin/output/control_flow/sequence/sequence.compiler.stdout.log 
	 /workspaces/Caleidos_C_Compiler/bin/output/control_flow/sequence/sequence.s 
	 /workspaces/Caleidos_C_Compiler/bin/output/control_flow/sequence/sequence.s.printed</error>
</testcase>
<testcase name="testing/compiler_tests/control_flow/while_multiple.c">
<error type="error" message="&#9;&gt; Failed to compile testcase: &#10;&#9; /workspaces/Caleidos_C_Compiler/bin/output/control_flow/while_multiple/while_multiple.compiler.stderr.log &#10;&#9; /workspaces/Caleidos_C_Compiler/bin/output/control_flow/while_multiple/while_multiple.compiler.stdout.log &#10;&#9; /workspaces/Caleidos_C_Compiler/bin/output/control_flow/while_multiple/while_multiple.s &#10;&#9; /workspaces/Caleidos_C_Compiler/bin/output/control_flow/while_multiple/while_multiple.s.printed">
	&gt; Failed to compile testcase: 
	 /workspaces/Caleidos_C_Compiler/bin/output/control_flow/while_multiple/while_multiple.compiler.stderr.log 
	 /workspaces/Caleidos_C_Compiler/bin/output/control_flow/while_multiple/while_multiple.compiler.stdout.log 
	 /workspaces/Caleidos_C_Compiler/bin/output/control_flow/while_multiple/while_multiple.s 
	 /workspaces/Caleidos_C_Compiler/bin/output/control_flow/while_multiple/while_multiple.s.printed</error>
</testcase>
<testcase name="testing/compiler_tests/control_flow/while_once.c">
<error type="error" message="&#9;&gt; Failed to compile testcase: &#10;&#9; /workspaces/Caleidos_C_Compiler/bin/output/control_flow/while_once/while_once.compiler.stderr.log &#10;&#9; /workspaces/Caleidos_C_Compiler/bin/output/control_flow/while_once/while_once.compiler.stdout.log &#10;&#9; /workspaces/Caleidos_C_Compiler/bin/output/control_flow/while_once/while_once.s &#10;&#9; /workspaces/Caleidos_C_Compiler/bin/output/control_flow/while_once/while_once.s.printed">
	&gt; Failed to compile testcase: 
	 /workspaces/Caleidos_C_Compiler/bin/output/control_flow/while_once/while_once.compiler.stderr.log 
	 /workspaces/Caleidos_C_Compiler/bin/output/control_flow/while_once/while_once.compiler.stdout.log 
	 /workspaces/Caleidos_C_Compiler/bin/output/control_flow/while_once/while_once.s 
	 /workspaces/Caleidos_C_Compiler/bin/output/control_flow/while_once/while_once.s.printed</error>
</testcase>
<testcase name="testing/compiler_tests/control_flow/while_zero.c">
<error type="error" message="&#9;&gt; Failed to compile testcase: &#10;&#9; /workspaces/Caleidos_C_Compiler/bin/output/control_flow/while_zero/while_zero.compiler.stderr.log &#10;&#9; /workspaces/Caleidos_C_Compiler/bin/output/control_flow/while_zero/while_zero.compiler.stdout.log &#10;&#9; /workspaces/Caleidos_C_Compiler/bin/output/control_flow/while_zero/while_zero.s &#10;&#9; /workspaces/Caleidos_C_Compiler/bin/output/control_flow/while_zero/while_zero.s.printed">
	&gt; Failed to compile testcase: 
	 /workspaces/Caleidos_C_Compiler/bin/output/control_flow/while_zero/while_zero.compiler.stderr.log 
	 /workspaces/Caleidos_C_Compiler/bin/output/control_flow/while_zero/while_zero.compiler.stdout.log 
	 /workspaces/Caleidos_C_Compiler/bin/output/control_flow/while_zero/while_zero.s 
	 /workspaces/Caleidos_C_Compiler/bin/output/control_flow/while_zero/while_zero.s.printed</error>
</testcase>
<testcase name="testing/compiler_tests/default/test_ADD0.c">
<error type="error" message="&#9;&gt; Failed to compile testcase: &#10;&#9; /workspaces/Caleidos_C_Compiler/bin/output/default/test_ADD0/test_ADD0.compiler.stderr.log &#10;&#9; /workspaces/Caleidos_C_Compiler/bin/output/default/test_ADD0/test_ADD0.compiler.stdout.log &#10;&#9; /workspaces/Caleidos_C_Compiler/bin/output/default/test_ADD0/test_ADD0.s &#10;&#9; /workspaces/Caleidos_C_Compiler/bin/output/default/test_ADD0/test_ADD0.s.printed">
	&gt; Failed to compile testcase: 
	 /workspaces/Caleidos_C_Compiler/bin/output/default/test_ADD0/test_ADD0.compiler.stderr.log 
	 /workspaces/Caleidos_C_Compiler/bin/output/default/test_ADD0/test_ADD0.compiler.stdout.log 
	 /workspaces/Caleidos_C_Compiler/bin/output/default/test_ADD0/test_ADD0.s 
	 /workspaces/Caleidos_C_Compiler/bin/output/default/test_ADD0/test_ADD0.s.printed</error>
</testcase>
<testcase name="testing/compiler_tests/default/test_ADD1.c">
<error type="error" message="&#9;&gt; Failed to compile testcase: &#10;&#9; /workspaces/Caleidos_C_Compiler/bin/output/default/test_ADD1/test_ADD1.compiler.stderr.log &#10;&#9; /workspaces/Caleidos_C_Compiler/bin/output/default/test_ADD1/test_ADD1.compiler.stdout.log &#10;&#9; /workspaces/Caleidos_C_Compiler/bin/output/default/test_ADD1/test_ADD1.s &#10;&#9; /workspaces/Caleidos_C_Compiler/bin/output/default/test_ADD1/test_ADD1.s.printed">
	&gt; Failed to compile testcase: 
	 /workspaces/Caleidos_C_Compiler/bin/output/default/test_ADD1/test_ADD1.compiler.stderr.log 
	 /workspaces/Caleidos_C_Compiler/bin/output/default/test_ADD1/test_ADD1.compiler.stdout.log 
	 /workspaces/Caleidos_C_Compiler/bin/output/default/test_ADD1/test_ADD1.s 
	 /workspaces/Caleidos_C_Compiler/bin/output/default/test_ADD1/test_ADD1.s.printed</error>
</testcase>
<testcase name="testing/compiler_tests/default/test_CALL.c">
<error type="error" message="&#9;&gt; Failed to compile testcase: &#10;&#9; /workspaces/Caleidos_C_Compiler/bin/output/default/test_CALL/test_CALL.compiler.stderr.log &#10;&#9; /workspaces/Caleidos_C_Compiler/bin/output/default/test_CALL/test_CALL.compiler.stdout.log &#10;&#9; /workspaces/Caleidos_C_Compiler/bin/output/default/test_CALL/test_CALL.s &#10;&#9; /workspaces/Caleidos_C_Compiler/bin/output/default/test_CALL/test_CALL.s.printed">
	&gt; Failed to compile testcase: 
	 /workspaces/Caleidos_C_Compiler/bin/output/default/test_CALL/test_CALL.compiler.stderr.log 
	 /workspaces/Caleidos_C_Compiler/bin/output/default/test_CALL/test_CALL.compiler.stdout.log 
	 /workspaces/Caleidos_C_Compiler/bin/output/default/test_CALL/test_CALL.s 
	 /workspaces/Caleidos_C_Compiler/bin/output/default/test_CALL/test_CALL.s.printed</error>
</testcase>
<testcase name="testing/compiler_tests/default/test_LOCAL.c">
<error type="error" message="&#9;&gt; Failed to compile testcase: &#10;&#9; /workspaces/Caleidos_C_Compiler/bin/output/default/test_LOCAL/test_LOCAL.compiler.stderr.log &#10;&#9; /workspaces/Caleidos_C_Compiler/bin/output/default/test_LOCAL/test_LOCAL.compiler.stdout.log &#10;&#9; /workspaces/Caleidos_C_Compiler/bin/output/default/test_LOCAL/test_LOCAL.s &#10;&#9; /workspaces/Caleidos_C_Compiler/bin/output/default/test_LOCAL/test_LOCAL.s.printed">
	&gt; Failed to compile testcase: 
	 /workspaces/Caleidos_C_Compiler/bin/output/default/test_LOCAL/test_LOCAL.compiler.stderr.log 
	 /workspaces/Caleidos_C_Compiler/bin/output/default/test_LOCAL/test_LOCAL.compiler.stdout.log 
	 /workspaces/Caleidos_C_Compiler/bin/output/default/test_LOCAL/test_LOCAL.s 
	 /workspaces/Caleidos_C_Compiler/bin/output/default/test_LOCAL/test_LOCAL.s.printed</error>
</testcase>
<testcase name="testing/compiler_tests/float/add_double.c">
<error type="error" message="&#9;&gt; Failed to compile testcase: &#10;&#9; /workspaces/Caleidos_C_Compiler/bin/output/float/add_double/add_double.compiler.stderr.log &#10;&#9; /workspaces/Caleidos_C_Compiler/bin/output/float/add_double/add_double.compiler.stdout.log &#10;&#9; /workspaces/Caleidos_C_Compiler/bin/output/float/add_double/add_double.s &#10;&#9; /workspaces/Caleidos_C_Compiler/bin/output/float/add_double/add_double.s.printed">
	&gt; Failed to compile testcase: 
	 /workspaces/Caleidos_C_Compiler/bin/output/float/add_double/add_double.compiler.stderr.log 
	 /workspaces/Caleidos_C_Compiler/bin/output/float/add_double/add_double.compiler.stdout.log 
	 /workspaces/Caleidos_C_Compiler/bin/output/float/add_double/add_double.s 
	 /workspaces/Caleidos_C_Compiler/bin/output/float/add_double/add_double.s.printed</error>
</testcase>
<testcase name="testing/compiler_tests/float/add.c">
<error type="error" message="&#9;&gt; Failed to compile testcase: &#10;&#9; /workspaces/Caleidos_C_Compiler/bin/output/float/add/add.compiler.stderr.log &#10;&#9; /workspaces/Caleidos_C_Compiler/bin/output/float/add/add.compiler.stdout.log &#10;&#9; /workspaces/Caleidos_C_Compiler/bin/output/float/add/add.s &#10;&#9; /workspaces/Caleidos_C_Compiler/bin/output/float/add/add.s.printed">
	&gt; Failed to compile testcase: 
	 /workspaces/Caleidos_C_Compiler/bin/output/float/add/add.compiler.stderr.log 
	 /workspaces/Caleidos_C_Compiler/bin/output/float/add/add.compiler.stdout.log 
	 /workspaces/Caleidos_C_Compiler/bin/output/float/add/add.s 
	 /workspaces/Caleidos_C_Compiler/bin/output/float/add/add.s.printed</error>
</testcase>
<testcase name="testing/compiler_tests/float/add_mul.c">
<error type="error" message="&#9;&gt; Failed to compile testcase: &#10;&#9; /workspaces/Caleidos_C_Compiler/bin/output/float/add_mul/add_mul.compiler.stderr.log &#10;&#9; /workspaces/Caleidos_C_Compiler/bin/output/float/add_mul/add_mul.compiler.stdout.log &#10;&#9; /workspaces/Caleidos_C_Compiler/bin/output/float/add_mul/add_mul.s &#10;&#9; /workspaces/Caleidos_C_Compiler/bin/output/float/add_mul/add_mul.s.printed">
	&gt; Failed to compile testcase: 
	 /workspaces/Caleidos_C_Compiler/bin/output/float/add_mul/add_mul.compiler.stderr.log 
	 /workspaces/Caleidos_C_Compiler/bin/output/float/add_mul/add_mul.compiler.stdout.log 
	 /workspaces/Caleidos_C_Compiler/bin/output/float/add_mul/add_mul.s 
	 /workspaces/Caleidos_C_Compiler/bin/output/float/add_mul/add_mul.s.printed</error>
</testcase>
<testcase name="testing/compiler_tests/float/mul_add.c">
<error type="error" message="&#9;&gt; Failed to compile testcase: &#10;&#9; /workspaces/Caleidos_C_Compiler/bin/output/float/mul_add/mul_add.compiler.stderr.log &#10;&#9; /workspaces/Caleidos_C_Compiler/bin/output/float/mul_add/mul_add.compiler.stdout.log &#10;&#9; /workspaces/Caleidos_C_Compiler/bin/output/float/mul_add/mul_add.s &#10;&#9; /workspaces/Caleidos_C_Compiler/bin/output/float/mul_add/mul_add.s.printed">
	&gt; Failed to compile testcase: 
	 /workspaces/Caleidos_C_Compiler/bin/output/float/mul_add/mul_add.compiler.stderr.log 
	 /workspaces/Caleidos_C_Compiler/bin/output/float/mul_add/mul_add.compiler.stdout.log 
	 /workspaces/Caleidos_C_Compiler/bin/output/float/mul_add/mul_add.s 
	 /workspaces/Caleidos_C_Compiler/bin/output/float/mul_add/mul_add.s.printed</error>
</testcase>
<testcase name="testing/compiler_tests/float/mul_double.c">
<error type="error" message="&#9;&gt; Failed to compile testcase: &#10;&#9; /workspaces/Caleidos_C_Compiler/bin/output/float/mul_double/mul_double.compiler.stderr.log &#10;&#9; /workspaces/Caleidos_C_Compiler/bin/output/float/mul_double/mul_double.compiler.stdout.log &#10;&#9; /workspaces/Caleidos_C_Compiler/bin/output/float/mul_double/mul_double.s &#10;&#9; /workspaces/Caleidos_C_Compiler/bin/output/float/mul_double/mul_double.s.printed">
	&gt; Failed to compile testcase: 
	 /workspaces/Caleidos_C_Compiler/bin/output/float/mul_double/mul_double.compiler.stderr.log 
	 /workspaces/Caleidos_C_Compiler/bin/output/float/mul_double/mul_double.compiler.stdout.log 
	 /workspaces/Caleidos_C_Compiler/bin/output/float/mul_double/mul_double.s 
	 /workspaces/Caleidos_C_Compiler/bin/output/float/mul_double/mul_double.s.printed</error>
</testcase>
<testcase name="testing/compiler_tests/float/mul.c">
<error type="error" message="&#9;&gt; Failed to compile testcase: &#10;&#9; /workspaces/Caleidos_C_Compiler/bin/output/float/mul/mul.compiler.stderr.log &#10;&#9; /workspaces/Caleidos_C_Compiler/bin/output/float/mul/mul.compiler.stdout.log &#10;&#9; /workspaces/Caleidos_C_Compiler/bin/output/float/mul/mul.s &#10;&#9; /workspaces/Caleidos_C_Compiler/bin/output/float/mul/mul.s.printed">
	&gt; Failed to compile testcase: 
	 /workspaces/Caleidos_C_Compiler/bin/output/float/mul/mul.compiler.stderr.log 
	 /workspaces/Caleidos_C_Compiler/bin/output/float/mul/mul.compiler.stdout.log 
	 /workspaces/Caleidos_C_Compiler/bin/output/float/mul/mul.s 
	 /workspaces/Caleidos_C_Compiler/bin/output/float/mul/mul.s.printed</error>
</testcase>
<testcase name="testing/compiler_tests/float/pow.c">
<error type="error" message="&#9;&gt; Failed to compile testcase: &#10;&#9; /workspaces/Caleidos_C_Compiler/bin/output/float/pow/pow.compiler.stderr.log &#10;&#9; /workspaces/Caleidos_C_Compiler/bin/output/float/pow/pow.compiler.stdout.log &#10;&#9; /workspaces/Caleidos_C_Compiler/bin/output/float/pow/pow.s &#10;&#9; /workspaces/Caleidos_C_Compiler/bin/output/float/pow/pow.s.printed">
	&gt; Failed to compile testcase: 
	 /workspaces/Caleidos_C_Compiler/bin/output/float/pow/pow.compiler.stderr.log 
	 /workspaces/Caleidos_C_Compiler/bin/output/float/pow/pow.compiler.stdout.log 
	 /workspaces/Caleidos_C_Compiler/bin/output/float/pow/pow.s 
	 /workspaces/Caleidos_C_Compiler/bin/output/float/pow/pow.s.printed</error>
</testcase>
<testcase name="testing/compiler_tests/functions/call_constant_external.c">
<error type="error" message="&#9;&gt; Failed to compile testcase: &#10;&#9; /workspaces/Caleidos_C_Compiler/bin/output/functions/call_constant_external/call_constant_external.compiler.stderr.log &#10;&#9; /workspaces/Caleidos_C_Compiler/bin/output/functions/call_constant_external/call_constant_external.compiler.stdout.log &#10;&#9; /workspaces/Caleidos_C_Compiler/bin/output/functions/call_constant_external/call_constant_external.s &#10;&#9; /workspaces/Caleidos_C_Compiler/bin/output/functions/call_constant_external/call_constant_external.s.printed">
	&gt; Failed to compile testcase: 
	 /workspaces/Caleidos_C_Compiler/bin/output/functions/call_constant_external/call_constant_external.compiler.stderr.log 
	 /workspaces/Caleidos_C_Compiler/bin/output/functions/call_constant_external/call_constant_external.compiler.stdout.log 
	 /workspaces/Caleidos_C_Compiler/bin/output/functions/call_constant_external/call_constant_external.s 
	 /workspaces/Caleidos_C_Compiler/bin/output/functions/call_constant_external/call_constant_external.s.printed</error>
</testcase>
<testcase name="testing/compiler_tests/functions/call_constant_internal.c">
<error type="error" message="&#9;&gt; Failed to compile testcase: &#10;&#9; /workspaces/Caleidos_C_Compiler/bin/output/functions/call_constant_internal/call_constant_internal.compiler.stderr.log &#10;&#9; /workspaces/Caleidos_C_Compiler/bin/output/functions/call_constant_internal/call_constant_internal.compiler.stdout.log &#10;&#9; /workspaces/Caleidos_C_Compiler/bin/output/functions/call_constant_internal/call_constant_internal.s &#10;&#9; /workspaces/Caleidos_C_Compiler/bin/output/functions/call_constant_internal/call_constant_internal.s.printed">
	&gt; Failed to compile testcase: 
	 /workspaces/Caleidos_C_Compiler/bin/output/functions/call_constant_internal/call_constant_internal.compiler.stderr.log 
	 /workspaces/Caleidos_C_Compiler/bin/output/functions/call_constant_internal/call_constant_internal.compiler.stdout.log 
	 /workspaces/Caleidos_C_Compiler/bin/output/functions/call_constant_internal/call_constant_internal.s 
	 /workspaces/Caleidos_C_Compiler/bin/output/functions/call_constant_internal/call_constant_internal.s.printed</error>
</testcase>
<testcase name="testing/compiler_tests/functions/call_five_args_external.c">
<error type="error" message="&#9;&gt; Failed to compile testcase: &#10;&#9; /workspaces/Caleidos_C_Compiler/bin/output/functions/call_five_args_external/call_five_args_external.compiler.stderr.log &#10;&#9; /workspaces/Caleidos_C_Compiler/bin/output/functions/call_five_args_external/call_five_args_external.compiler.stdout.log &#10;&#9; /workspaces/Caleidos_C_Compiler/bin/output/functions/call_five_args_external/call_five_args_external.s &#10;&#9; /workspaces/Caleidos_C_Compiler/bin/output/functions/call_five_args_external/call_five_args_external.s.printed">
	&gt; Failed to compile testcase: 
	 /workspaces/Caleidos_C_Compiler/bin/output/functions/call_five_args_external/call_five_args_external.compiler.stderr.log 
	 /workspaces/Caleidos_C_Compiler/bin/output/functions/call_five_args_external/call_five_args_external.compiler.stdout.log 
	 /workspaces/Caleidos_C_Compiler/bin/output/functions/call_five_args_external/call_five_args_external.s 
	 /workspaces/Caleidos_C_Compiler/bin/output/functions/call_five_args_external/call_five_args_external.s.printed</error>
</testcase>
<testcase name="testing/compiler_tests/functions/call_five_args_internal.c">
<error type="error" message="&#9;&gt; Failed to compile testcase: &#10;&#9; /workspaces/Caleidos_C_Compiler/bin/output/functions/call_five_args_internal/call_five_args_internal.compiler.stderr.log &#10;&#9; /workspaces/Caleidos_C_Compiler/bin/output/functions/call_five_args_internal/call_five_args_internal.compiler.stdout.log &#10;&#9; /workspaces/Caleidos_C_Compiler/bin/output/functions/call_five_args_internal/call_five_args_internal.s &#10;&#9; /workspaces/Caleidos_C_Compiler/bin/output/functions/call_five_args_internal/call_five_args_internal.s.printed">
	&gt; Failed to compile testcase: 
	 /workspaces/Caleidos_C_Compiler/bin/output/functions/call_five_args_internal/call_five_args_internal.compiler.stderr.log 
	 /workspaces/Caleidos_C_Compiler/bin/output/functions/call_five_args_internal/call_five_args_internal.compiler.stdout.log 
	 /workspaces/Caleidos_C_Compiler/bin/output/functions/call_five_args_internal/call_five_args_internal.s 
	 /workspaces/Caleidos_C_Compiler/bin/output/functions/call_five_args_internal/call_five_args_internal.s.printed</error>
</testcase>
<testcase name="testing/compiler_tests/functions/call_identity_external.c">
<error type="error" message="&#9;&gt; Failed to compile testcase: &#10;&#9; /workspaces/Caleidos_C_Compiler/bin/output/functions/call_identity_external/call_identity_external.compiler.stderr.log &#10;&#9; /workspaces/Caleidos_C_Compiler/bin/output/functions/call_identity_external/call_identity_external.compiler.stdout.log &#10;&#9; /workspaces/Caleidos_C_Compiler/bin/output/functions/call_identity_external/call_identity_external.s &#10;&#9; /workspaces/Caleidos_C_Compiler/bin/output/functions/call_identity_external/call_identity_external.s.printed">
	&gt; Failed to compile testcase: 
	 /workspaces/Caleidos_C_Compiler/bin/output/functions/call_identity_external/call_identity_external.compiler.stderr.log 
	 /workspaces/Caleidos_C_Compiler/bin/output/functions/call_identity_external/call_identity_external.compiler.stdout.log 
	 /workspaces/Caleidos_C_Compiler/bin/output/functions/call_identity_external/call_identity_external.s 
	 /workspaces/Caleidos_C_Compiler/bin/output/functions/call_identity_external/call_identity_external.s.printed</error>
</testcase>
<testcase name="testing/compiler_tests/functions/call_identity_internal.c">
<error type="error" message="&#9;&gt; Failed to compile testcase: &#10;&#9; /workspaces/Caleidos_C_Compiler/bin/output/functions/call_identity_internal/call_identity_internal.compiler.stderr.log &#10;&#9; /workspaces/Caleidos_C_Compiler/bin/output/functions/call_identity_internal/call_identity_internal.compiler.stdout.log &#10;&#9; /workspaces/Caleidos_C_Compiler/bin/output/functions/call_identity_internal/call_identity_internal.s &#10;&#9; /workspaces/Caleidos_C_Compiler/bin/output/functions/call_identity_internal/call_identity_internal.s.printed">
	&gt; Failed to compile testcase: 
	 /workspaces/Caleidos_C_Compiler/bin/output/functions/call_identity_internal/call_identity_internal.compiler.stderr.log 
	 /workspaces/Caleidos_C_Compiler/bin/output/functions/call_identity_internal/call_identity_internal.compiler.stdout.log 
	 /workspaces/Caleidos_C_Compiler/bin/output/functions/call_identity_internal/call_identity_internal.s 
	 /workspaces/Caleidos_C_Compiler/bin/output/functions/call_identity_internal/call_identity_internal.s.printed</error>
</testcase>
<testcase name="testing/compiler_tests/functions/call_mutual_recursive.c">
<error type="error" message="&#9;&gt; Failed to compile testcase: &#10;&#9; /workspaces/Caleidos_C_Compiler/bin/output/functions/call_mutual_recursive/call_mutual_recursive.compiler.stderr.log &#10;&#9; /workspaces/Caleidos_C_Compiler/bin/output/functions/call_mutual_recursive/call_mutual_recursive.compiler.stdout.log &#10;&#9; /workspaces/Caleidos_C_Compiler/bin/output/functions/call_mutual_recursive/call_mutual_recursive.s &#10;&#9; /workspaces/Caleidos_C_Compiler/bin/output/functions/call_mutual_recursive/call_mutual_recursive.s.printed">
	&gt; Failed to compile testcase: 
	 /workspaces/Caleidos_C_Compiler/bin/output/functions/call_mutual_recursive/call_mutual_recursive.compiler.stderr.log 
	 /workspaces/Caleidos_C_Compiler/bin/output/functions/call_mutual_recursive/call_mutual_recursive.compiler.stdout.log 
	 /workspaces/Caleidos_C_Compiler/bin/output/functions/call_mutual_recursive/call_mutual_recursive.s 
	 /workspaces/Caleidos_C_Compiler/bin/output/functions/call_mutual_recursive/call_mutual_recursive.s.printed</error>
</testcase>
<testcase name="testing/compiler_tests/functions/call_recursive_internal.c">
<error type="error" message="&#9;&gt; Failed to compile testcase: &#10;&#9; /workspaces/Caleidos_C_Compiler/bin/output/functions/call_recursive_internal/call_recursive_internal.compiler.stderr.log &#10;&#9; /workspaces/Caleidos_C_Compiler/bin/output/functions/call_recursive_internal/call_recursive_internal.compiler.stdout.log &#10;&#9; /workspaces/Caleidos_C_Compiler/bin/output/functions/call_recursive_internal/call_recursive_internal.s &#10;&#9; /workspaces/Caleidos_C_Compiler/bin/output/functions/call_recursive_internal/call_recursive_internal.s.printed">
	&gt; Failed to compile testcase: 
	 /workspaces/Caleidos_C_Compiler/bin/output/functions/call_recursive_internal/call_recursive_internal.compiler.stderr.log 
	 /workspaces/Caleidos_C_Compiler/bin/output/functions/call_recursive_internal/call_recursive_internal.compiler.stdout.log 
	 /workspaces/Caleidos_C_Compiler/bin/output/functions/call_recursive_internal/call_recursive_internal.s 
	 /workspaces/Caleidos_C_Compiler/bin/output/functions/call_recursive_internal/call_recursive_internal.s.printed</error>
</testcase>
<testcase name="testing/compiler_tests/functions/call_two_args_external.c">
<error type="error" message="&#9;&gt; Failed to compile testcase: &#10;&#9; /workspaces/Caleidos_C_Compiler/bin/output/functions/call_two_args_external/call_two_args_external.compiler.stderr.log &#10;&#9; /workspaces/Caleidos_C_Compiler/bin/output/functions/call_two_args_external/call_two_args_external.compiler.stdout.log &#10;&#9; /workspaces/Caleidos_C_Compiler/bin/output/functions/call_two_args_external/call_two_args_external.s &#10;&#9; /workspaces/Caleidos_C_Compiler/bin/output/functions/call_two_args_external/call_two_args_external.s.printed">
	&gt; Failed to compile testcase: 
	 /workspaces/Caleidos_C_Compiler/bin/output/functions/call_two_args_external/call_two_args_external.compiler.stderr.log 
	 /workspaces/Caleidos_C_Compiler/bin/output/functions/call_two_args_external/call_two_args_external.compiler.stdout.log 
	 /workspaces/Caleidos_C_Compiler/bin/output/functions/call_two_args_external/call_two_args_external.s 
	 /workspaces/Caleidos_C_Compiler/bin/output/functions/call_two_args_external/call_two_args_external.s.printed</error>
</testcase>
<testcase name="testing/compiler_tests/functions/call_two_args_internal.c">
<error type="error" message="&#9;&gt; Failed to compile testcase: &#10;&#9; /workspaces/Caleidos_C_Compiler/bin/output/functions/call_two_args_internal/call_two_args_internal.compiler.stderr.log &#10;&#9; /workspaces/Caleidos_C_Compiler/bin/output/functions/call_two_args_internal/call_two_args_internal.compiler.stdout.log &#10;&#9; /workspaces/Caleidos_C_Compiler/bin/output/functions/call_two_args_internal/call_two_args_internal.s &#10;&#9; /workspaces/Caleidos_C_Compiler/bin/output/functions/call_two_args_internal/call_two_args_internal.s.printed">
	&gt; Failed to compile testcase: 
	 /workspaces/Caleidos_C_Compiler/bin/output/functions/call_two_args_internal/call_two_args_internal.compiler.stderr.log 
	 /workspaces/Caleidos_C_Compiler/bin/output/functions/call_two_args_internal/call_two_args_internal.compiler.stdout.log 
	 /workspaces/Caleidos_C_Compiler/bin/output/functions/call_two_args_internal/call_two_args_internal.s 
	 /workspaces/Caleidos_C_Compiler/bin/output/functions/call_two_args_internal/call_two_args_internal.s.printed</error>
</testcase>
<testcase name="testing/compiler_tests/integer/add.c">
<error type="error" message="&#9;&gt; Failed to compile testcase: &#10;&#9; /workspaces/Caleidos_C_Compiler/bin/output/integer/add/add.compiler.stderr.log &#10;&#9; /workspaces/Caleidos_C_Compiler/bin/output/integer/add/add.compiler.stdout.log &#10;&#9; /workspaces/Caleidos_C_Compiler/bin/output/integer/add/add.s &#10;&#9; /workspaces/Caleidos_C_Compiler/bin/output/integer/add/add.s.printed">
	&gt; Failed to compile testcase: 
	 /workspaces/Caleidos_C_Compiler/bin/output/integer/add/add.compiler.stderr.log 
	 /workspaces/Caleidos_C_Compiler/bin/output/integer/add/add.compiler.stdout.log 
	 /workspaces/Caleidos_C_Compiler/bin/output/integer/add/add.s 
	 /workspaces/Caleidos_C_Compiler/bin/output/integer/add/add.s.printed</error>
</testcase>
<testcase name="testing/compiler_tests/integer/bitwise_and.c">
<error type="error" message="&#9;&gt; Failed to compile testcase: &#10;&#9; /workspaces/Caleidos_C_Compiler/bin/output/integer/bitwise_and/bitwise_and.compiler.stderr.log &#10;&#9; /workspaces/Caleidos_C_Compiler/bin/output/integer/bitwise_and/bitwise_and.compiler.stdout.log &#10;&#9; /workspaces/Caleidos_C_Compiler/bin/output/integer/bitwise_and/bitwise_and.s &#10;&#9; /workspaces/Caleidos_C_Compiler/bin/output/integer/bitwise_and/bitwise_and.s.printed">
	&gt; Failed to compile testcase: 
	 /workspaces/Caleidos_C_Compiler/bin/output/integer/bitwise_and/bitwise_and.compiler.stderr.log 
	 /workspaces/Caleidos_C_Compiler/bin/output/integer/bitwise_and/bitwise_and.compiler.stdout.log 
	 /workspaces/Caleidos_C_Compiler/bin/output/integer/bitwise_and/bitwise_and.s 
	 /workspaces/Caleidos_C_Compiler/bin/output/integer/bitwise_and/bitwise_and.s.printed</error>
</testcase>
<testcase name="testing/compiler_tests/integer/bitwise_or.c">
<error type="error" message="&#9;&gt; Failed to compile testcase: &#10;&#9; /workspaces/Caleidos_C_Compiler/bin/output/integer/bitwise_or/bitwise_or.compiler.stderr.log &#10;&#9; /workspaces/Caleidos_C_Compiler/bin/output/integer/bitwise_or/bitwise_or.compiler.stdout.log &#10;&#9; /workspaces/Caleidos_C_Compiler/bin/output/integer/bitwise_or/bitwise_or.s &#10;&#9; /workspaces/Caleidos_C_Compiler/bin/output/integer/bitwise_or/bitwise_or.s.printed">
	&gt; Failed to compile testcase: 
	 /workspaces/Caleidos_C_Compiler/bin/output/integer/bitwise_or/bitwise_or.compiler.stderr.log 
	 /workspaces/Caleidos_C_Compiler/bin/output/integer/bitwise_or/bitwise_or.compiler.stdout.log 
	 /workspaces/Caleidos_C_Compiler/bin/output/integer/bitwise_or/bitwise_or.s 
	 /workspaces/Caleidos_C_Compiler/bin/output/integer/bitwise_or/bitwise_or.s.printed</error>
</testcase>
<testcase name="testing/compiler_tests/integer/bitwise_xor.c">
<error type="error" message="&#9;&gt; Failed to compile testcase: &#10;&#9; /workspaces/Caleidos_C_Compiler/bin/output/integer/bitwise_xor/bitwise_xor.compiler.stderr.log &#10;&#9; /workspaces/Caleidos_C_Compiler/bin/output/integer/bitwise_xor/bitwise_xor.compiler.stdout.log &#10;&#9; /workspaces/Caleidos_C_Compiler/bin/output/integer/bitwise_xor/bitwise_xor.s &#10;&#9; /workspaces/Caleidos_C_Compiler/bin/output/integer/bitwise_xor/bitwise_xor.s.printed">
	&gt; Failed to compile testcase: 
	 /workspaces/Caleidos_C_Compiler/bin/output/integer/bitwise_xor/bitwise_xor.compiler.stderr.log 
	 /workspaces/Caleidos_C_Compiler/bin/output/integer/bitwise_xor/bitwise_xor.compiler.stdout.log 
	 /workspaces/Caleidos_C_Compiler/bin/output/integer/bitwise_xor/bitwise_xor.s 
	 /workspaces/Caleidos_C_Compiler/bin/output/integer/bitwise_xor/bitwise_xor.s.printed</error>
</testcase>
<testcase name="testing/compiler_tests/integer/div.c">
<error type="error" message="&#9;&gt; Failed to compile testcase: &#10;&#9; /workspaces/Caleidos_C_Compiler/bin/output/integer/div/div.compiler.stderr.log &#10;&#9; /workspaces/Caleidos_C_Compiler/bin/output/integer/div/div.compiler.stdout.log &#10;&#9; /workspaces/Caleidos_C_Compiler/bin/output/integer/div/div.s &#10;&#9; /workspaces/Caleidos_C_Compiler/bin/output/integer/div/div.s.printed">
	&gt; Failed to compile testcase: 
	 /workspaces/Caleidos_C_Compiler/bin/output/integer/div/div.compiler.stderr.log 
	 /workspaces/Caleidos_C_Compiler/bin/output/integer/div/div.compiler.stdout.log 
	 /workspaces/Caleidos_C_Compiler/bin/output/integer/div/div.s 
	 /workspaces/Caleidos_C_Compiler/bin/output/integer/div/div.s.printed</error>
</testcase>
<testcase name="testing/compiler_tests/integer/equal.c">
<error type="error" message="&#9;&gt; Failed to compile testcase: &#10;&#9; /workspaces/Caleidos_C_Compiler/bin/output/integer/equal/equal.compiler.stderr.log &#10;&#9; /workspaces/Caleidos_C_Compiler/bin/output/integer/equal/equal.compiler.stdout.log &#10;&#9; /workspaces/Caleidos_C_Compiler/bin/output/integer/equal/equal.s &#10;&#9; /workspaces/Caleidos_C_Compiler/bin/output/integer/equal/equal.s.printed">
	&gt; Failed to compile testcase: 
	 /workspaces/Caleidos_C_Compiler/bin/output/integer/equal/equal.compiler.stderr.log 
	 /workspaces/Caleidos_C_Compiler/bin/output/integer/equal/equal.compiler.stdout.log 
	 /workspaces/Caleidos_C_Compiler/bin/output/integer/equal/equal.s 
	 /workspaces/Caleidos_C_Compiler/bin/output/integer/equal/equal.s.printed</error>
</testcase>
<testcase name="testing/compiler_tests/integer/less_than.c">
<error type="error" message="&#9;&gt; Failed to compile testcase: &#10;&#9; /workspaces/Caleidos_C_Compiler/bin/output/integer/less_than/less_than.compiler.stderr.log &#10;&#9; /workspaces/Caleidos_C_Compiler/bin/output/integer/less_than/less_than.compiler.stdout.log &#10;&#9; /workspaces/Caleidos_C_Compiler/bin/output/integer/less_than/less_than.s &#10;&#9; /workspaces/Caleidos_C_Compiler/bin/output/integer/less_than/less_than.s.printed">
	&gt; Failed to compile testcase: 
	 /workspaces/Caleidos_C_Compiler/bin/output/integer/less_than/less_than.compiler.stderr.log 
	 /workspaces/Caleidos_C_Compiler/bin/output/integer/less_than/less_than.compiler.stdout.log 
	 /workspaces/Caleidos_C_Compiler/bin/output/integer/less_than/less_than.s 
	 /workspaces/Caleidos_C_Compiler/bin/output/integer/less_than/less_than.s.printed</error>
</testcase>
<testcase name="testing/compiler_tests/integer/less_than_equal.c">
<error type="error" message="&#9;&gt; Failed to compile testcase: &#10;&#9; /workspaces/Caleidos_C_Compiler/bin/output/integer/less_than_equal/less_than_equal.compiler.stderr.log &#10;&#9; /workspaces/Caleidos_C_Compiler/bin/output/integer/less_than_equal/less_than_equal.compiler.stdout.log &#10;&#9; /workspaces/Caleidos_C_Compiler/bin/output/integer/less_than_equal/less_than_equal.s &#10;&#9; /workspaces/Caleidos_C_Compiler/bin/output/integer/less_than_equal/less_than_equal.s.printed">
	&gt; Failed to compile testcase: 
	 /workspaces/Caleidos_C_Compiler/bin/output/integer/less_than_equal/less_than_equal.compiler.stderr.log 
	 /workspaces/Caleidos_C_Compiler/bin/output/integer/less_than_equal/less_than_equal.compiler.stdout.log 
	 /workspaces/Caleidos_C_Compiler/bin/output/integer/less_than_equal/less_than_equal.s 
	 /workspaces/Caleidos_C_Compiler/bin/output/integer/less_than_equal/less_than_equal.s.printed</error>
</testcase>
<testcase name="testing/compiler_tests/integer/logical_and.c">
<error type="error" message="&#9;&gt; Failed to compile testcase: &#10;&#9; /workspaces/Caleidos_C_Compiler/bin/output/integer/logical_and/logical_and.compiler.stderr.log &#10;&#9; /workspaces/Caleidos_C_Compiler/bin/output/integer/logical_and/logical_and.compiler.stdout.log &#10;&#9; /workspaces/Caleidos_C_Compiler/bin/output/integer/logical_and/logical_and.s &#10;&#9; /workspaces/Caleidos_C_Compiler/bin/output/integer/logical_and/logical_and.s.printed">
	&gt; Failed to compile testcase: 
	 /workspaces/Caleidos_C_Compiler/bin/output/integer/logical_and/logical_and.compiler.stderr.log 
	 /workspaces/Caleidos_C_Compiler/bin/output/integer/logical_and/logical_and.compiler.stdout.log 
	 /workspaces/Caleidos_C_Compiler/bin/output/integer/logical_and/logical_and.s 
	 /workspaces/Caleidos_C_Compiler/bin/output/integer/logical_and/logical_and.s.printed</error>
</testcase>
<testcase name="testing/compiler_tests/integer/logical_or.c">
<error type="error" message="&#9;&gt; Failed to compile testcase: &#10;&#9; /workspaces/Caleidos_C_Compiler/bin/output/integer/logical_or/logical_or.compiler.stderr.log &#10;&#9; /workspaces/Caleidos_C_Compiler/bin/output/integer/logical_or/logical_or.compiler.stdout.log &#10;&#9; /workspaces/Caleidos_C_Compiler/bin/output/integer/logical_or/logical_or.s &#10;&#9; /workspaces/Caleidos_C_Compiler/bin/output/integer/logical_or/logical_or.s.printed">
	&gt; Failed to compile testcase: 
	 /workspaces/Caleidos_C_Compiler/bin/output/integer/logical_or/logical_or.compiler.stderr.log 
	 /workspaces/Caleidos_C_Compiler/bin/output/integer/logical_or/logical_or.compiler.stdout.log 
	 /workspaces/Caleidos_C_Compiler/bin/output/integer/logical_or/logical_or.s 
	 /workspaces/Caleidos_C_Compiler/bin/output/integer/logical_or/logical_or.s.printed</error>
</testcase>
<testcase name="testing/compiler_tests/integer/mul.c">
<error type="error" message="&#9;&gt; Failed to compile testcase: &#10;&#9; /workspaces/Caleidos_C_Compiler/bin/output/integer/mul/mul.compiler.stderr.log &#10;&#9; /workspaces/Caleidos_C_Compiler/bin/output/integer/mul/mul.compiler.stdout.log &#10;&#9; /workspaces/Caleidos_C_Compiler/bin/output/integer/mul/mul.s &#10;&#9; /workspaces/Caleidos_C_Compiler/bin/output/integer/mul/mul.s.printed">
	&gt; Failed to compile testcase: 
	 /workspaces/Caleidos_C_Compiler/bin/output/integer/mul/mul.compiler.stderr.log 
	 /workspaces/Caleidos_C_Compiler/bin/output/integer/mul/mul.compiler.stdout.log 
	 /workspaces/Caleidos_C_Compiler/bin/output/integer/mul/mul.s 
	 /workspaces/Caleidos_C_Compiler/bin/output/integer/mul/mul.s.printed</error>
</testcase>
<testcase name="testing/compiler_tests/integer/sub.c">
<error type="error" message="&#9;&gt; Failed to compile testcase: &#10;&#9; /workspaces/Caleidos_C_Compiler/bin/output/integer/sub/sub.compiler.stderr.log &#10;&#9; /workspaces/Caleidos_C_Compiler/bin/output/integer/sub/sub.compiler.stdout.log &#10;&#9; /workspaces/Caleidos_C_Compiler/bin/output/integer/sub/sub.s &#10;&#9; /workspaces/Caleidos_C_Compiler/bin/output/integer/sub/sub.s.printed">
	&gt; Failed to compile testcase: 
	 /workspaces/Caleidos_C_Compiler/bin/output/integer/sub/sub.compiler.stderr.log 
	 /workspaces/Caleidos_C_Compiler/bin/output/integer/sub/sub.compiler.stdout.log 
	 /workspaces/Caleidos_C_Compiler/bin/output/integer/sub/sub.s 
	 /workspaces/Caleidos_C_Compiler/bin/output/integer/sub/sub.s.printed</error>
</testcase>
<testcase name="testing/compiler_tests/local_var/constant_initialiser.c">
<error type="error" message="&#9;&gt; Failed to compile testcase: &#10;&#9; /workspaces/Caleidos_C_Compiler/bin/output/local_var/constant_initialiser/constant_initialiser.compiler.stderr.log &#10;&#9; /workspaces/Caleidos_C_Compiler/bin/output/local_var/constant_initialiser/constant_initialiser.compiler.stdout.log &#10;&#9; /workspaces/Caleidos_C_Compiler/bin/output/local_var/constant_initialiser/constant_initialiser.s &#10;&#9; /workspaces/Caleidos_C_Compiler/bin/output/local_var/constant_initialiser/constant_initialiser.s.printed">
	&gt; Failed to compile testcase: 
	 /workspaces/Caleidos_C_Compiler/bin/output/local_var/constant_initialiser/constant_initialiser.compiler.stderr.log 
	 /workspaces/Caleidos_C_Compiler/bin/output/local_var/constant_initialiser/constant_initialiser.compiler.stdout.log 
	 /workspaces/Caleidos_C_Compiler/bin/output/local_var/constant_initialiser/constant_initialiser.s 
	 /workspaces/Caleidos_C_Compiler/bin/output/local_var/constant_initialiser/constant_initialiser.s.printed</error>
</testcase>
<testcase name="testing/compiler_tests/local_var/dual_var.c">
<error type="error" message="&#9;&gt; Failed to compile testcase: &#10;&#9; /workspaces/Caleidos_C_Compiler/bin/output/local_var/dual_var/dual_var.compiler.stderr.log &#10;&#9; /workspaces/Caleidos_C_Compiler/bin/output/local_var/dual_var/dual_var.compiler.stdout.log &#10;&#9; /workspaces/Caleidos_C_Compiler/bin/output/local_var/dual_var/dual_var.s &#10;&#9; /workspaces/Caleidos_C_Compiler/bin/output/local_var/dual_var/dual_var.s.printed">
	&gt; Failed to compile testcase: 
	 /workspaces/Caleidos_C_Compiler/bin/output/local_var/dual_var/dual_var.compiler.stderr.log 
	 /workspaces/Caleidos_C_Compiler/bin/output/local_var/dual_var/dual_var.compiler.stdout.log 
	 /workspaces/Caleidos_C_Compiler/bin/output/local_var/dual_var/dual_var.s 
	 /workspaces/Caleidos_C_Compiler/bin/output/local_var/dual_var/dual_var.s.printed</error>
</testcase>
<testcase name="testing/compiler_tests/local_var/expression_initialiser.c">
<error type="error" message="&#9;&gt; Failed to compile testcase: &#10;&#9; /workspaces/Caleidos_C_Compiler/bin/output/local_var/expression_initialiser/expression_initialiser.compiler.stderr.log &#10;&#9; /workspaces/Caleidos_C_Compiler/bin/output/local_var/expression_initialiser/expression_initialiser.compiler.stdout.log &#10;&#9; /workspaces/Caleidos_C_Compiler/bin/output/local_var/expression_initialiser/expression_initialiser.s &#10;&#9; /workspaces/Caleidos_C_Compiler/bin/output/local_var/expression_initialiser/expression_initialiser.s.printed">
	&gt; Failed to compile testcase: 
	 /workspaces/Caleidos_C_Compiler/bin/output/local_var/expression_initialiser/expression_initialiser.compiler.stderr.log 
	 /workspaces/Caleidos_C_Compiler/bin/output/local_var/expression_initialiser/expression_initialiser.compiler.stdout.log 
	 /workspaces/Caleidos_C_Compiler/bin/output/local_var/expression_initialiser/expression_initialiser.s 
	 /workspaces/Caleidos_C_Compiler/bin/output/local_var/expression_initialiser/expression_initialiser.s.printed</error>
</testcase>
<testcase name="testing/compiler_tests/local_var/identity.c">
<error type="error" message="&#9;&gt; Failed to compile testcase: &#10;&#9; /workspaces/Caleidos_C_Compiler/bin/output/local_var/identity/identity.compiler.stderr.log &#10;&#9; /workspaces/Caleidos_C_Compiler/bin/output/local_var/identity/identity.compiler.stdout.log &#10;&#9; /workspaces/Caleidos_C_Compiler/bin/output/local_var/identity/identity.s &#10;&#9; /workspaces/Caleidos_C_Compiler/bin/output/local_var/identity/identity.s.printed">
	&gt; Failed to compile testcase: 
	 /workspaces/Caleidos_C_Compiler/bin/output/local_var/identity/identity.compiler.stderr.log 
	 /workspaces/Caleidos_C_Compiler/bin/output/local_var/identity/identity.compiler.stdout.log 
	 /workspaces/Caleidos_C_Compiler/bin/output/local_var/identity/identity.s 
	 /workspaces/Caleidos_C_Compiler/bin/output/local_var/identity/identity.s.printed</error>
</testcase>
<testcase name="testing/compiler_tests/local_var/scoped_var.c">
<error type="error" message="&#9;&gt; Failed to compile testcase: &#10;&#9; /workspaces/Caleidos_C_Compiler/bin/output/local_var/scoped_var/scoped_var.compiler.stderr.log &#10;&#9; /workspaces/Caleidos_C_Compiler/bin/output/local_var/scoped_var/scoped_var.compiler.stdout.log &#10;&#9; /workspaces/Caleidos_C_Compiler/bin/output/local_var/scoped_var/scoped_var.s &#10;&#9; /workspaces/Caleidos_C_Compiler/bin/output/local_var/scoped_var/scoped_var.s.printed">
	&gt; Failed to compile testcase: 
	 /workspaces/Caleidos_C_Compiler/bin/output/local_var/scoped_var/scoped_var.compiler.stderr.log 
	 /workspaces/Caleidos_C_Compiler/bin/output/local_var/scoped_var/scoped_var.compiler.stdout.log 
	 /workspaces/Caleidos_C_Compiler/bin/output/local_var/scoped_var/scoped_var.s 
	 /workspaces/Caleidos_C_Compiler/bin/output/local_var/scoped_var/scoped_var.s.printed</error>
</testcase>
<testcase name="testing/compiler_tests/local_var/single_var.c">
<error type="error" message="&#9;&gt; Failed to compile testcase: &#10;&#9; /workspaces/Caleidos_C_Compiler/bin/output/local_var/single_var/single_var.compiler.stderr.log &#10;&#9; /workspaces/Caleidos_C_Compiler/bin/output/local_var/single_var/single_var.compiler.stdout.log &#10;&#9; /workspaces/Caleidos_C_Compiler/bin/output/local_var/single_var/single_var.s &#10;&#9; /workspaces/Caleidos_C_Compiler/bin/output/local_var/single_var/single_var.s.printed">
	&gt; Failed to compile testcase: 
	 /workspaces/Caleidos_C_Compiler/bin/output/local_var/single_var/single_var.compiler.stderr.log 
	 /workspaces/Caleidos_C_Compiler/bin/output/local_var/single_var/single_var.compiler.stdout.log 
	 /workspaces/Caleidos_C_Compiler/bin/output/local_var/single_var/single_var.s 
	 /workspaces/Caleidos_C_Compiler/bin/output/local_var/single_var/single_var.s.printed</error>
</testcase>
<testcase name="testing/compiler_tests/misc/enum1.c">
<error type="error" message="&#9;&gt; Failed to compile testcase: &#10;&#9; /workspaces/Caleidos_C_Compiler/bin/output/misc/enum1/enum1.compiler.stderr.log &#10;&#9; /workspaces/Caleidos_C_Compiler/bin/output/misc/enum1/enum1.compiler.stdout.log &#10;&#9; /workspaces/Caleidos_C_Compiler/bin/output/misc/enum1/enum1.s &#10;&#9; /workspaces/Caleidos_C_Compiler/bin/output/misc/enum1/enum1.s.printed">
	&gt; Failed to compile testcase: 
	 /workspaces/Caleidos_C_Compiler/bin/output/misc/enum1/enum1.compiler.stderr.log 
	 /workspaces/Caleidos_C_Compiler/bin/output/misc/enum1/enum1.compiler.stdout.log 
	 /workspaces/Caleidos_C_Compiler/bin/output/misc/enum1/enum1.s 
	 /workspaces/Caleidos_C_Compiler/bin/output/misc/enum1/enum1.s.printed</error>
</testcase>
<testcase name="testing/compiler_tests/misc/enum2.c">
<error type="error" message="&#9;&gt; Failed to compile testcase: &#10;&#9; /workspaces/Caleidos_C_Compiler/bin/output/misc/enum2/enum2.compiler.stderr.log &#10;&#9; /workspaces/Caleidos_C_Compiler/bin/output/misc/enum2/enum2.compiler.stdout.log &#10;&#9; /workspaces/Caleidos_C_Compiler/bin/output/misc/enum2/enum2.s &#10;&#9; /workspaces/Caleidos_C_Compiler/bin/output/misc/enum2/enum2.s.printed">
	&gt; Failed to compile testcase: 
	 /workspaces/Caleidos_C_Compiler/bin/output/misc/enum2/enum2.compiler.stderr.log 
	 /workspaces/Caleidos_C_Compiler/bin/output/misc/enum2/enum2.compiler.stdout.log 
	 /workspaces/Caleidos_C_Compiler/bin/output/misc/enum2/enum2.s 
	 /workspaces/Caleidos_C_Compiler/bin/output/misc/enum2/enum2.s.printed</error>
</testcase>
<testcase name="testing/compiler_tests/misc/switch1.c">
<error type="error" message="&#9;&gt; Failed to compile testcase: &#10;&#9; /workspaces/Caleidos_C_Compiler/bin/output/misc/switch1/switch1.compiler.stderr.log &#10;&#9; /workspaces/Caleidos_C_Compiler/bin/output/misc/switch1/switch1.compiler.stdout.log &#10;&#9; /workspaces/Caleidos_C_Compiler/bin/output/misc/switch1/switch1.s &#10;&#9; /workspaces/Caleidos_C_Compiler/bin/output/misc/switch1/switch1.s.printed">
	&gt; Failed to compile testcase: 
	 /workspaces/Caleidos_C_Compiler/bin/output/misc/switch1/switch1.compiler.stderr.log 
	 /workspaces/Caleidos_C_Compiler/bin/output/misc/switch1/switch1.compiler.stdout.log 
	 /workspaces/Caleidos_C_Compiler/bin/output/misc/switch1/switch1.s 
	 /workspaces/Caleidos_C_Compiler/bin/output/misc/switch1/switch1.s.printed</error>
</testcase>
<testcase name="testing/compiler_tests/misc/switch2.c">
<error type="error" message="&#9;&gt; Failed to compile testcase: &#10;&#9; /workspaces/Caleidos_C_Compiler/bin/output/misc/switch2/switch2.compiler.stderr.log &#10;&#9; /workspaces/Caleidos_C_Compiler/bin/output/misc/switch2/switch2.compiler.stdout.log &#10;&#9; /workspaces/Caleidos_C_Compiler/bin/output/misc/switch2/switch2.s &#10;&#9; /workspaces/Caleidos_C_Compiler/bin/output/misc/switch2/switch2.s.printed">
	&gt; Failed to compile testcase: 
	 /workspaces/Caleidos_C_Compiler/bin/output/misc/switch2/switch2.compiler.stderr.log 
	 /workspaces/Caleidos_C_Compiler/bin/output/misc/switch2/switch2.compiler.stdout.log 
	 /workspaces/Caleidos_C_Compiler/bin/output/misc/switch2/switch2.s 
	 /workspaces/Caleidos_C_Compiler/bin/output/misc/switch2/switch2.s.printed</error>
</testcase>
<testcase name="testing/compiler_tests/misc/typedef1.c">
<error type="error" message="&#9;&gt; Failed to compile testcase: &#10;&#9; /workspaces/Caleidos_C_Compiler/bin/output/misc/typedef1/typedef1.compiler.stderr.log &#10;&#9; /workspaces/Caleidos_C_Compiler/bin/output/misc/typedef1/typedef1.compiler.stdout.log &#10;&#9; /workspaces/Caleidos_C_Compiler/bin/output/misc/typedef1/typedef1.s &#10;&#9; /workspaces/Caleidos_C_Compiler/bin/output/misc/typedef1/typedef1.s.printed">
	&gt; Failed to compile testcase: 
	 /workspaces/Caleidos_C_Compiler/bin/output/misc/typedef1/typedef1.compiler.stderr.log 
	 /workspaces/Caleidos_C_Compiler/bin/output/misc/typedef1/typedef1.compiler.stdout.log 
	 /workspaces/Caleidos_C_Compiler/bin/output/misc/typedef1/typedef1.s 
	 /workspaces/Caleidos_C_Compiler/bin/output/misc/typedef1/typedef1.s.printed</error>
</testcase>
<testcase name="testing/compiler_tests/misc/typedef2.c">
<error type="error" message="&#9;&gt; Failed to compile testcase: &#10;&#9; /workspaces/Caleidos_C_Compiler/bin/output/misc/typedef2/typedef2.compiler.stderr.log &#10;&#9; /workspaces/Caleidos_C_Compiler/bin/output/misc/typedef2/typedef2.compiler.stdout.log &#10;&#9; /workspaces/Caleidos_C_Compiler/bin/output/misc/typedef2/typedef2.s &#10;&#9; /workspaces/Caleidos_C_Compiler/bin/output/misc/typedef2/typedef2.s.printed">
	&gt; Failed to compile testcase: 
	 /workspaces/Caleidos_C_Compiler/bin/output/misc/typedef2/typedef2.compiler.stderr.log 
	 /workspaces/Caleidos_C_Compiler/bin/output/misc/typedef2/typedef2.compiler.stdout.log 
	 /workspaces/Caleidos_C_Compiler/bin/output/misc/typedef2/typedef2.s 
	 /workspaces/Caleidos_C_Compiler/bin/output/misc/typedef2/typedef2.s.printed</error>
</testcase>
<testcase name="testing/compiler_tests/pointer/addressof.c">
<error type="error" message="&#9;&gt; Failed to compile testcase: &#10;&#9; /workspaces/Caleidos_C_Compiler/bin/output/pointer/addressof/addressof.compiler.stderr.log &#10;&#9; /workspaces/Caleidos_C_Compiler/bin/output/pointer/addressof/addressof.compiler.stdout.log &#10;&#9; /workspaces/Caleidos_C_Compiler/bin/output/pointer/addressof/addressof.s &#10;&#9; /workspaces/Caleidos_C_Compiler/bin/output/pointer/addressof/addressof.s.printed">
	&gt; Failed to compile testcase: 
	 /workspaces/Caleidos_C_Compiler/bin/output/pointer/addressof/addressof.compiler.stderr.log 
	 /workspaces/Caleidos_C_Compiler/bin/output/pointer/addressof/addressof.compiler.stdout.log 
	 /workspaces/Caleidos_C_Compiler/bin/output/pointer/addressof/addressof.s 
	 /workspaces/Caleidos_C_Compiler/bin/output/pointer/addressof/addressof.s.printed</error>
</testcase>
<testcase name="testing/compiler_tests/pointer/arithmetic.c">
<error type="error" message="&#9;&gt; Failed to compile testcase: &#10;&#9; /workspaces/Caleidos_C_Compiler/bin/output/pointer/arithmetic/arithmetic.compiler.stderr.log &#10;&#9; /workspaces/Caleidos_C_Compiler/bin/output/pointer/arithmetic/arithmetic.compiler.stdout.log &#10;&#9; /workspaces/Caleidos_C_Compiler/bin/output/pointer/arithmetic/arithmetic.s &#10;&#9; /workspaces/Caleidos_C_Compiler/bin/output/pointer/arithmetic/arithmetic.s.printed">
	&gt; Failed to compile testcase: 
	 /workspaces/Caleidos_C_Compiler/bin/output/pointer/arithmetic/arithmetic.compiler.stderr.log 
	 /workspaces/Caleidos_C_Compiler/bin/output/pointer/arithmetic/arithmetic.compiler.stdout.log 
	 /workspaces/Caleidos_C_Compiler/bin/output/pointer/arithmetic/arithmetic.s 
	 /workspaces/Caleidos_C_Compiler/bin/output/pointer/arithmetic/arithmetic.s.printed</error>
</testcase>
<testcase name="testing/compiler_tests/pointer/assign.c">
<error type="error" message="&#9;&gt; Failed to compile testcase: &#10;&#9; /workspaces/Caleidos_C_Compiler/bin/output/pointer/assign/assign.compiler.stderr.log &#10;&#9; /workspaces/Caleidos_C_Compiler/bin/output/pointer/assign/assign.compiler.stdout.log &#10;&#9; /workspaces/Caleidos_C_Compiler/bin/output/pointer/assign/assign.s &#10;&#9; /workspaces/Caleidos_C_Compiler/bin/output/pointer/assign/assign.s.printed">
	&gt; Failed to compile testcase: 
	 /workspaces/Caleidos_C_Compiler/bin/output/pointer/assign/assign.compiler.stderr.log 
	 /workspaces/Caleidos_C_Compiler/bin/output/pointer/assign/assign.compiler.stdout.log 
	 /workspaces/Caleidos_C_Compiler/bin/output/pointer/assign/assign.s 
	 /workspaces/Caleidos_C_Compiler/bin/output/pointer/assign/assign.s.printed</error>
</testcase>
<testcase name="testing/compiler_tests/pointer/dereference.c">
<error type="error" message="&#9;&gt; Failed to compile testcase: &#10;&#9; /workspaces/Caleidos_C_Compiler/bin/output/pointer/dereference/dereference.compiler.stderr.log &#10;&#9; /workspaces/Caleidos_C_Compiler/bin/output/pointer/dereference/dereference.compiler.stdout.log &#10;&#9; /workspaces/Caleidos_C_Compiler/bin/output/pointer/dereference/dereference.s &#10;&#9; /workspaces/Caleidos_C_Compiler/bin/output/pointer/dereference/dereference.s.printed">
	&gt; Failed to compile testcase: 
	 /workspaces/Caleidos_C_Compiler/bin/output/pointer/dereference/dereference.compiler.stderr.log 
	 /workspaces/Caleidos_C_Compiler/bin/output/pointer/dereference/dereference.compiler.stdout.log 
	 /workspaces/Caleidos_C_Compiler/bin/output/pointer/dereference/dereference.s 
	 /workspaces/Caleidos_C_Compiler/bin/output/pointer/dereference/dereference.s.printed</error>
</testcase>
<testcase name="testing/compiler_tests/pointer/index.c">
<error type="error" message="&#9;&gt; Failed to compile testcase: &#10;&#9; /workspaces/Caleidos_C_Compiler/bin/output/pointer/index/index.compiler.stderr.log &#10;&#9; /workspaces/Caleidos_C_Compiler/bin/output/pointer/index/index.compiler.stdout.log &#10;&#9; /workspaces/Caleidos_C_Compiler/bin/output/pointer/index/index.s &#10;&#9; /workspaces/Caleidos_C_Compiler/bin/output/pointer/index/index.s.printed">
	&gt; Failed to compile testcase: 
	 /workspaces/Caleidos_C_Compiler/bin/output/pointer/index/index.compiler.stderr.log 
	 /workspaces/Caleidos_C_Compiler/bin/output/pointer/index/index.compiler.stdout.log 
	 /workspaces/Caleidos_C_Compiler/bin/output/pointer/index/index.s 
	 /workspaces/Caleidos_C_Compiler/bin/output/pointer/index/index.s.printed</error>
</testcase>
<testcase name="testing/compiler_tests/programs/fibonacci.c">
<error type="error" message="&#9;&gt; Failed to compile testcase: &#10;&#9; /workspaces/Caleidos_C_Compiler/bin/output/programs/fibonacci/fibonacci.compiler.stderr.log &#10;&#9; /workspaces/Caleidos_C_Compiler/bin/output/programs/fibonacci/fibonacci.compiler.stdout.log &#10;&#9; /workspaces/Caleidos_C_Compiler/bin/output/programs/fibonacci/fibonacci.s &#10;&#9; /workspaces/Caleidos_C_Compiler/bin/output/programs/fibonacci/fibonacci.s.printed">
	&gt; Failed to compile testcase: 
	 /workspaces/Caleidos_C_Compiler/bin/output/programs/fibonacci/fibonacci.compiler.stderr.log 
	 /workspaces/Caleidos_C_Compiler/bin/output/programs/fibonacci/fibonacci.compiler.stdout.log 
	 /workspaces/Caleidos_C_Compiler/bin/output/programs/fibonacci/fibonacci.s 
	 /workspaces/Caleidos_C_Compiler/bin/output/programs/fibonacci/fibonacci.s.printed</error>
</testcase>
<testcase name="testing/compiler_tests/programs/multiply.c">
<error type="error" message="&#9;&gt; Failed to compile testcase: &#10;&#9; /workspaces/Caleidos_C_Compiler/bin/output/programs/multiply/multiply.compiler.stderr.log &#10;&#9; /workspaces/Caleidos_C_Compiler/bin/output/programs/multiply/multiply.compiler.stdout.log &#10;&#9; /workspaces/Caleidos_C_Compiler/bin/output/programs/multiply/multiply.s &#10;&#9; /workspaces/Caleidos_C_Compiler/bin/output/programs/multiply/multiply.s.printed">
	&gt; Failed to compile testcase: 
	 /workspaces/Caleidos_C_Compiler/bin/output/programs/multiply/multiply.compiler.stderr.log 
	 /workspaces/Caleidos_C_Compiler/bin/output/programs/multiply/multiply.compiler.stdout.log 
	 /workspaces/Caleidos_C_Compiler/bin/output/programs/multiply/multiply.s 
	 /workspaces/Caleidos_C_Compiler/bin/output/programs/multiply/multiply.s.printed</error>
</testcase>
<testcase name="testing/compiler_tests/programs/sqrt.c">
<error type="error" message="&#9;&gt; Failed to compile testcase: &#10;&#9; /workspaces/Caleidos_C_Compiler/bin/output/programs/sqrt/sqrt.compiler.stderr.log &#10;&#9; /workspaces/Caleidos_C_Compiler/bin/output/programs/sqrt/sqrt.compiler.stdout.log &#10;&#9; /workspaces/Caleidos_C_Compiler/bin/output/programs/sqrt/sqrt.s &#10;&#9; /workspaces/Caleidos_C_Compiler/bin/output/programs/sqrt/sqrt.s.printed">
	&gt; Failed to compile testcase: 
	 /workspaces/Caleidos_C_Compiler/bin/output/programs/sqrt/sqrt.compiler.stderr.log 
	 /workspaces/Caleidos_C_Compiler/bin/output/programs/sqrt/sqrt.compiler.stdout.log 
	 /workspaces/Caleidos_C_Compiler/bin/output/programs/sqrt/sqrt.s 
	 /workspaces/Caleidos_C_Compiler/bin/output/programs/sqrt/sqrt.s.printed</error>
</testcase>
<testcase name="testing/compiler_tests/strings/chliteral.c">
<error type="error" message="&#9;&gt; Failed to link driver: &#10;&#9; /workspaces/Caleidos_C_Compiler/bin/output/strings/chliteral/chliteral.compiler.stderr.log &#10;&#9; /workspaces/Caleidos_C_Compiler/bin/output/strings/chliteral/chliteral.compiler.stdout.log &#10;&#9; /workspaces/Caleidos_C_Compiler/bin/output/strings/chliteral/chliteral.s &#10;&#9; /workspaces/Caleidos_C_Compiler/bin/output/strings/chliteral/chliteral.s.printed &#10;&#9; /workspaces/Caleidos_C_Compiler/bin/output/strings/chliteral/chliteral.linker.stderr.log &#10;&#9; /workspaces/Caleidos_C_Compiler/bin/output/strings/chliteral/chliteral.linker.stdout.log">
	&gt; Failed to link driver: 
	 /workspaces/Caleidos_C_Compiler/bin/output/strings/chliteral/chliteral.compiler.stderr.log 
	 /workspaces/Caleidos_C_Compiler/bin/output/strings/chliteral/chliteral.compiler.stdout.log 
	 /workspaces/Caleidos_C_Compiler/bin/output/strings/chliteral/chliteral.s 
	 /workspaces/Caleidos_C_Compiler/bin/output/strings/chliteral/chliteral.s.printed 
	 /workspaces/Caleidos_C_Compiler/bin/output/strings/chliteral/chliteral.linker.stderr.log 
	 /workspaces/Caleidos_C_Compiler/bin/output/strings/chliteral/chliteral.linker.stdout.log</error>
</testcase>
<testcase name="testing/compiler_tests/strings/escaped.c">
<error type="error" message="&#9;&gt; Failed to compile testcase: &#10;&#9; /workspaces/Caleidos_C_Compiler/bin/output/strings/escaped/escaped.compiler.stderr.log &#10;&#9; /workspaces/Caleidos_C_Compiler/bin/output/strings/escaped/escaped.compiler.stdout.log &#10;&#9; /workspaces/Caleidos_C_Compiler/bin/output/strings/escaped/escaped.s &#10;&#9; /workspaces/Caleidos_C_Compiler/bin/output/strings/escaped/escaped.s.printed">
	&gt; Failed to compile testcase: 
	 /workspaces/Caleidos_C_Compiler/bin/output/strings/escaped/escaped.compiler.stderr.log 
	 /workspaces/Caleidos_C_Compiler/bin/output/strings/escaped/escaped.compiler.stdout.log 
	 /workspaces/Caleidos_C_Compiler/bin/output/strings/escaped/escaped.s 
	 /workspaces/Caleidos_C_Compiler/bin/output/strings/escaped/escaped.s.printed</error>
</testcase>
<testcase name="testing/compiler_tests/strings/literal.c">
<error type="error" message="&#9;&gt; Failed to compile testcase: &#10;&#9; /workspaces/Caleidos_C_Compiler/bin/output/strings/literal/literal.compiler.stderr.log &#10;&#9; /workspaces/Caleidos_C_Compiler/bin/output/strings/literal/literal.compiler.stdout.log &#10;&#9; /workspaces/Caleidos_C_Compiler/bin/output/strings/literal/literal.s &#10;&#9; /workspaces/Caleidos_C_Compiler/bin/output/strings/literal/literal.s.printed">
	&gt; Failed to compile testcase: 
	 /workspaces/Caleidos_C_Compiler/bin/output/strings/literal/literal.compiler.stderr.log 
	 /workspaces/Caleidos_C_Compiler/bin/output/strings/literal/literal.compiler.stdout.log 
	 /workspaces/Caleidos_C_Compiler/bin/output/strings/literal/literal.s 
	 /workspaces/Caleidos_C_Compiler/bin/output/strings/literal/literal.s.printed</error>
</testcase>
<testcase name="testing/compiler_tests/strings/puts.c">
<error type="error" message="&#9;&gt; Failed to compile testcase: &#10;&#9; /workspaces/Caleidos_C_Compiler/bin/output/strings/puts/puts.compiler.stderr.log &#10;&#9; /workspaces/Caleidos_C_Compiler/bin/output/strings/puts/puts.compiler.stdout.log &#10;&#9; /workspaces/Caleidos_C_Compiler/bin/output/strings/puts/puts.s &#10;&#9; /workspaces/Caleidos_C_Compiler/bin/output/strings/puts/puts.s.printed">
	&gt; Failed to compile testcase: 
	 /workspaces/Caleidos_C_Compiler/bin/output/strings/puts/puts.compiler.stderr.log 
	 /workspaces/Caleidos_C_Compiler/bin/output/strings/puts/puts.compiler.stdout.log 
	 /workspaces/Caleidos_C_Compiler/bin/output/strings/puts/puts.s 
	 /workspaces/Caleidos_C_Compiler/bin/output/strings/puts/puts.s.printed</error>
</testcase>
<testcase name="testing/compiler_tests/strings/search.c">
<error type="error" message="&#9;&gt; Failed to compile testcase: &#10;&#9; /workspaces/Caleidos_C_Compiler/bin/output/strings/search/search.compiler.stderr.log &#10;&#9; /workspaces/Caleidos_C_Compiler/bin/output/strings/search/search.compiler.stdout.log &#10;&#9; /workspaces/Caleidos_C_Compiler/bin/output/strings/search/search.s &#10;&#9; /workspaces/Caleidos_C_Compiler/bin/output/strings/search/search.s.printed">
	&gt; Failed to compile testcase: 
	 /workspaces/Caleidos_C_Compiler/bin/output/strings/search/search.compiler.stderr.log 
	 /workspaces/Caleidos_C_Compiler/bin/output/strings/search/search.compiler.stdout.log 
	 /workspaces/Caleidos_C_Compiler/bin/output/strings/search/search.s 
	 /workspaces/Caleidos_C_Compiler/bin/output/strings/search/search.s.printed</error>
</testcase>
<testcase name="testing/compiler_tests/struct/sizeof.c">
<error type="error" message="&#9;&gt; Failed to compile testcase: &#10;&#9; /workspaces/Caleidos_C_Compiler/bin/output/struct/sizeof/sizeof.compiler.stderr.log &#10;&#9; /workspaces/Caleidos_C_Compiler/bin/output/struct/sizeof/sizeof.compiler.stdout.log &#10;&#9; /workspaces/Caleidos_C_Compiler/bin/output/struct/sizeof/sizeof.s &#10;&#9; /workspaces/Caleidos_C_Compiler/bin/output/struct/sizeof/sizeof.s.printed">
	&gt; Failed to compile testcase: 
	 /workspaces/Caleidos_C_Compiler/bin/output/struct/sizeof/sizeof.compiler.stderr.log 
	 /workspaces/Caleidos_C_Compiler/bin/output/struct/sizeof/sizeof.compiler.stdout.log 
	 /workspaces/Caleidos_C_Compiler/bin/output/struct/sizeof/sizeof.s 
	 /workspaces/Caleidos_C_Compiler/bin/output/struct/sizeof/sizeof.s.printed</error>
</testcase>
<testcase name="testing/compiler_tests/struct/struct_inst.c">
<error type="error" message="&#9;&gt; Failed to compile testcase: &#10;&#9; /workspaces/Caleidos_C_Compiler/bin/output/struct/struct_inst/struct_inst.compiler.stderr.log &#10;&#9; /workspaces/Caleidos_C_Compiler/bin/output/struct/struct_inst/struct_inst.compiler.stdout.log &#10;&#9; /workspaces/Caleidos_C_Compiler/bin/output/struct/struct_inst/struct_inst.s &#10;&#9; /workspaces/Caleidos_C_Compiler/bin/output/struct/struct_inst/struct_inst.s.printed">
	&gt; Failed to compile testcase: 
	 /workspaces/Caleidos_C_Compiler/bin/output/struct/struct_inst/struct_inst.compiler.stderr.log 
	 /workspaces/Caleidos_C_Compiler/bin/output/struct/struct_inst/struct_inst.compiler.stdout.log 
	 /workspaces/Caleidos_C_Compiler/bin/output/struct/struct_inst/struct_inst.s 
	 /workspaces/Caleidos_C_Compiler/bin/output/struct/struct_inst/struct_inst.s.printed</error>
</testcase>
<testcase name="testing/compiler_tests/struct/struct_member_get.c">
<error type="error" message="&#9;&gt; Failed to compile testcase: &#10;&#9; /workspaces/Caleidos_C_Compiler/bin/output/struct/struct_member_get/struct_member_get.compiler.stderr.log &#10;&#9; /workspaces/Caleidos_C_Compiler/bin/output/struct/struct_member_get/struct_member_get.compiler.stdout.log &#10;&#9; /workspaces/Caleidos_C_Compiler/bin/output/struct/struct_member_get/struct_member_get.s &#10;&#9; /workspaces/Caleidos_C_Compiler/bin/output/struct/struct_member_get/struct_member_get.s.printed">
	&gt; Failed to compile testcase: 
	 /workspaces/Caleidos_C_Compiler/bin/output/struct/struct_member_get/struct_member_get.compiler.stderr.log 
	 /workspaces/Caleidos_C_Compiler/bin/output/struct/struct_member_get/struct_member_get.compiler.stdout.log 
	 /workspaces/Caleidos_C_Compiler/bin/output/struct/struct_member_get/struct_member_get.s 
	 /workspaces/Caleidos_C_Compiler/bin/output/struct/struct_member_get/struct_member_get.s.printed</error>
</testcase>
<testcase name="testing/compiler_tests/struct/struct_member_set.c">
<error type="error" message="&#9;&gt; Failed to compile testcase: &#10;&#9; /workspaces/Caleidos_C_Compiler/bin/output/struct/struct_member_set/struct_member_set.compiler.stderr.log &#10;&#9; /workspaces/Caleidos_C_Compiler/bin/output/struct/struct_member_set/struct_member_set.compiler.stdout.log &#10;&#9; /workspaces/Caleidos_C_Compiler/bin/output/struct/struct_member_set/struct_member_set.s &#10;&#9; /workspaces/Caleidos_C_Compiler/bin/output/struct/struct_member_set/struct_member_set.s.printed">
	&gt; Failed to compile testcase: 
	 /workspaces/Caleidos_C_Compiler/bin/output/struct/struct_member_set/struct_member_set.compiler.stderr.log 
	 /workspaces/Caleidos_C_Compiler/bin/output/struct/struct_member_set/struct_member_set.compiler.stdout.log 
	 /workspaces/Caleidos_C_Compiler/bin/output/struct/struct_member_set/struct_member_set.s 
	 /workspaces/Caleidos_C_Compiler/bin/output/struct/struct_member_set/struct_member_set.s.printed</error>
</testcase>
<testcase name="testing/compiler_tests/struct/struct_two_members.c">
<error type="error" message="&#9;&gt; Failed to compile testcase: &#10;&#9; /workspaces/Caleidos_C_Compiler/bin/output/struct/struct_two_members/struct_two_members.compiler.stderr.log &#10;&#9; /workspaces/Caleidos_C_Compiler/bin/output/struct/struct_two_members/struct_two_members.compiler.stdout.log &#10;&#9; /workspaces/Caleidos_C_Compiler/bin/output/struct/struct_two_members/struct_two_members.s &#10;&#9; /workspaces/Caleidos_C_Compiler/bin/output/struct/struct_two_members/struct_two_members.s.printed">
	&gt; Failed to compile testcase: 
	 /workspaces/Caleidos_C_Compiler/bin/output/struct/struct_two_members/struct_two_members.compiler.stderr.log 
	 /workspaces/Caleidos_C_Compiler/bin/output/struct/struct_two_members/struct_two_members.compiler.stdout.log 
	 /workspaces/Caleidos_C_Compiler/bin/output/struct/struct_two_members/struct_two_members.s 
	 /workspaces/Caleidos_C_Compiler/bin/output/struct/struct_two_members/struct_two_members.s.printed</error>
</testcase>
<testcase name="testing/compiler_tests/types/sizeof_char_inst.c">
<error type="error" message="&#9;&gt; Failed to compile testcase: &#10;&#9; /workspaces/Caleidos_C_Compiler/bin/output/types/sizeof_char_inst/sizeof_char_inst.compiler.stderr.log &#10;&#9; /workspaces/Caleidos_C_Compiler/bin/output/types/sizeof_char_inst/sizeof_char_inst.compiler.stdout.log &#10;&#9; /workspaces/Caleidos_C_Compiler/bin/output/types/sizeof_char_inst/sizeof_char_inst.s &#10;&#9; /workspaces/Caleidos_C_Compiler/bin/output/types/sizeof_char_inst/sizeof_char_inst.s.printed">
	&gt; Failed to compile testcase: 
	 /workspaces/Caleidos_C_Compiler/bin/output/types/sizeof_char_inst/sizeof_char_inst.compiler.stderr.log 
	 /workspaces/Caleidos_C_Compiler/bin/output/types/sizeof_char_inst/sizeof_char_inst.compiler.stdout.log 
	 /workspaces/Caleidos_C_Compiler/bin/output/types/sizeof_char_inst/sizeof_char_inst.s 
	 /workspaces/Caleidos_C_Compiler/bin/output/types/sizeof_char_inst/sizeof_char_inst.s.printed</error>
</testcase>
<testcase name="testing/compiler_tests/types/sizeof_char_type.c">
<error type="error" message="&#9;&gt; Failed to compile testcase: &#10;&#9; /workspaces/Caleidos_C_Compiler/bin/output/types/sizeof_char_type/sizeof_char_type.compiler.stderr.log &#10;&#9; /workspaces/Caleidos_C_Compiler/bin/output/types/sizeof_char_type/sizeof_char_type.compiler.stdout.log &#10;&#9; /workspaces/Caleidos_C_Compiler/bin/output/types/sizeof_char_type/sizeof_char_type.s &#10;&#9; /workspaces/Caleidos_C_Compiler/bin/output/types/sizeof_char_type/sizeof_char_type.s.printed">
	&gt; Failed to compile testcase: 
	 /workspaces/Caleidos_C_Compiler/bin/output/types/sizeof_char_type/sizeof_char_type.compiler.stderr.log 
	 /workspaces/Caleidos_C_Compiler/bin/output/types/sizeof_char_type/sizeof_char_type.compiler.stdout.log 
	 /workspaces/Caleidos_C_Compiler/bin/output/types/sizeof_char_type/sizeof_char_type.s 
	 /workspaces/Caleidos_C_Compiler/bin/output/types/sizeof_char_type/sizeof_char_type.s.printed</error>
</testcase>
<testcase name="testing/compiler_tests/types/sizeof_int_inst.c">
<error type="error" message="&#9;&gt; Failed to compile testcase: &#10;&#9; /workspaces/Caleidos_C_Compiler/bin/output/types/sizeof_int_inst/sizeof_int_inst.compiler.stderr.log &#10;&#9; /workspaces/Caleidos_C_Compiler/bin/output/types/sizeof_int_inst/sizeof_int_inst.compiler.stdout.log &#10;&#9; /workspaces/Caleidos_C_Compiler/bin/output/types/sizeof_int_inst/sizeof_int_inst.s &#10;&#9; /workspaces/Caleidos_C_Compiler/bin/output/types/sizeof_int_inst/sizeof_int_inst.s.printed">
	&gt; Failed to compile testcase: 
	 /workspaces/Caleidos_C_Compiler/bin/output/types/sizeof_int_inst/sizeof_int_inst.compiler.stderr.log 
	 /workspaces/Caleidos_C_Compiler/bin/output/types/sizeof_int_inst/sizeof_int_inst.compiler.stdout.log 
	 /workspaces/Caleidos_C_Compiler/bin/output/types/sizeof_int_inst/sizeof_int_inst.s 
	 /workspaces/Caleidos_C_Compiler/bin/output/types/sizeof_int_inst/sizeof_int_inst.s.printed</error>
</testcase>
<testcase name="testing/compiler_tests/types/sizeof_int_type.c">
<error type="error" message="&#9;&gt; Failed to compile testcase: &#10;&#9; /workspaces/Caleidos_C_Compiler/bin/output/types/sizeof_int_type/sizeof_int_type.compiler.stderr.log &#10;&#9; /workspaces/Caleidos_C_Compiler/bin/output/types/sizeof_int_type/sizeof_int_type.compiler.stdout.log &#10;&#9; /workspaces/Caleidos_C_Compiler/bin/output/types/sizeof_int_type/sizeof_int_type.s &#10;&#9; /workspaces/Caleidos_C_Compiler/bin/output/types/sizeof_int_type/sizeof_int_type.s.printed">
	&gt; Failed to compile testcase: 
	 /workspaces/Caleidos_C_Compiler/bin/output/types/sizeof_int_type/sizeof_int_type.compiler.stderr.log 
	 /workspaces/Caleidos_C_Compiler/bin/output/types/sizeof_int_type/sizeof_int_type.compiler.stdout.log 
	 /workspaces/Caleidos_C_Compiler/bin/output/types/sizeof_int_type/sizeof_int_type.s 
	 /workspaces/Caleidos_C_Compiler/bin/output/types/sizeof_int_type/sizeof_int_type.s.printed</error>
</testcase>
<testcase name="testing/compiler_tests/types/unsigned.c">
<error type="error" message="&#9;&gt; Failed to compile testcase: &#10;&#9; /workspaces/Caleidos_C_Compiler/bin/output/types/unsigned/unsigned.compiler.stderr.log &#10;&#9; /workspaces/Caleidos_C_Compiler/bin/output/types/unsigned/unsigned.compiler.stdout.log &#10;&#9; /workspaces/Caleidos_C_Compiler/bin/output/types/unsigned/unsigned.s &#10;&#9; /workspaces/Caleidos_C_Compiler/bin/output/types/unsigned/unsigned.s.printed">
	&gt; Failed to compile testcase: 
	 /workspaces/Caleidos_C_Compiler/bin/output/types/unsigned/unsigned.compiler.stderr.log 
	 /workspaces/Caleidos_C_Compiler/bin/output/types/unsigned/unsigned.compiler.stdout.log 
	 /workspaces/Caleidos_C_Compiler/bin/output/types/unsigned/unsigned.s 
	 /workspaces/Caleidos_C_Compiler/bin/output/types/unsigned/unsigned.s.printed</error>
</testcase>
</testsuite>
